c:\users\pig39\onedrive\바탕 화면\enterthegungeon\enterthegungeon\debug\enterthegungeon.pch
c:\users\pig39\onedrive\바탕 화면\enterthegungeon\enterthegungeon\debug\vc140.pdb
c:\users\pig39\onedrive\바탕 화면\enterthegungeon\enterthegungeon\debug\vc140.idb
c:\users\pig39\onedrive\바탕 화면\enterthegungeon\enterthegungeon\debug\stdafx.obj
c:\users\pig39\onedrive\바탕 화면\enterthegungeon\enterthegungeon\debug\enterthegungeon.obj
c:\users\pig39\onedrive\바탕 화면\enterthegungeon\enterthegungeon\debug\maingame.obj
c:\users\pig39\onedrive\바탕 화면\enterthegungeon\enterthegungeon\debug\obj.obj
c:\users\pig39\onedrive\바탕 화면\enterthegungeon\enterthegungeon\debug\objmgr.obj
c:\users\pig39\onedrive\바탕 화면\enterthegungeon\enterthegungeon\debug\player.obj
c:\users\pig39\onedrive\바탕 화면\enterthegungeon\enterthegungeon\debug\starting_main.obj
c:\users\pig39\onedrive\바탕 화면\enterthegungeon\enterthegungeon\debug\bmpmgr.obj
c:\users\pig39\onedrive\바탕 화면\enterthegungeon\enterthegungeon\debug\mybitmap.obj
c:\users\pig39\onedrive\바탕 화면\enterthegungeon\enterthegungeon\debug\mymenu.obj
c:\users\pig39\onedrive\바탕 화면\enterthegungeon\enterthegungeon\debug\scene.obj
c:\users\pig39\onedrive\바탕 화면\enterthegungeon\enterthegungeon\debug\scenemgr.obj
c:\users\pig39\onedrive\바탕 화면\enterthegungeon\enterthegungeon\debug\logo.obj
c:\users\pig39\onedrive\바탕 화면\enterthegungeon\enterthegungeon\debug\mouse.obj
c:\users\pig39\onedrive\바탕 화면\enterthegungeon\enterthegungeon\debug\mybutton.obj
c:\users\pig39\onedrive\바탕 화면\enterthegungeon\enterthegungeon\debug\break_check.obj
c:\users\pig39\onedrive\바탕 화면\enterthegungeon\enterthegungeon\debug\keymgr.obj
c:\users\pig39\onedrive\바탕 화면\enterthegungeon\enterthegungeon\debug\stage.obj
c:\users\pig39\onedrive\바탕 화면\enterthegungeon\enterthegungeon\debug\fontmgr.obj
c:\users\pig39\onedrive\바탕 화면\enterthegungeon\enterthegungeon\debug\myfont.obj
c:\users\pig39\onedrive\바탕 화면\enterthegungeon\enterthegungeon\debug\scrollmgr.obj
c:\users\pig39\onedrive\바탕 화면\enterthegungeon\enterthegungeon\debug\uimgr.obj
c:\users\pig39\onedrive\바탕 화면\enterthegungeon\enterthegungeon\debug\myedit.obj
c:\users\pig39\onedrive\바탕 화면\enterthegungeon\enterthegungeon\debug\tile.obj
c:\users\pig39\onedrive\바탕 화면\enterthegungeon\enterthegungeon\debug\bullet.obj
c:\users\pig39\onedrive\바탕 화면\enterthegungeon\enterthegungeon\debug\nomalgun.obj
c:\users\pig39\onedrive\바탕 화면\enterthegungeon\enterthegungeon\debug\monster.obj
c:\users\pig39\onedrive\바탕 화면\enterthegungeon\enterthegungeon\debug\monsterbullet.obj
c:\users\pig39\onedrive\바탕 화면\enterthegungeon\enterthegungeon\debug\door.obj
c:\users\pig39\onedrive\바탕 화면\enterthegungeon\enterthegungeon\debug\shotgunman.obj
c:\users\pig39\onedrive\바탕 화면\enterthegungeon\enterthegungeon\debug\shotbullet.obj
c:\users\pig39\onedrive\바탕 화면\enterthegungeon\enterthegungeon\debug\boss.obj
c:\users\pig39\onedrive\바탕 화면\enterthegungeon\debug\enterthegungeon.ilk
c:\users\pig39\onedrive\바탕 화면\enterthegungeon\debug\enterthegungeon.exe
c:\users\pig39\onedrive\바탕 화면\enterthegungeon\debug\enterthegungeon.pdb
c:\users\pig39\onedrive\바탕 화면\enterthegungeon\enterthegungeon\debug\enterthegungeon.res
c:\users\pig39\onedrive\바탕 화면\enterthegungeon\enterthegungeon\debug\enterthegungeon.obj.enc
c:\users\pig39\onedrive\바탕 화면\enterthegungeon\enterthegungeon\debug\logo.obj.enc
c:\users\pig39\onedrive\바탕 화면\enterthegungeon\enterthegungeon\debug\maingame.obj.enc
c:\users\pig39\onedrive\바탕 화면\enterthegungeon\enterthegungeon\debug\monster.obj.enc
c:\users\pig39\onedrive\바탕 화면\enterthegungeon\enterthegungeon\debug\enterthegungeon.ilk
c:\users\pig39\onedrive\바탕 화면\enterthegungeon\enterthegungeon\debug\enterthegungeon.pdb
c:\users\pig39\onedrive\바탕 화면\enterthegungeon\enterthegungeon\debug\enterthegungeon.tlog\cl.command.1.tlog
c:\users\pig39\onedrive\바탕 화면\enterthegungeon\enterthegungeon\debug\enterthegungeon.tlog\cl.read.1.tlog
c:\users\pig39\onedrive\바탕 화면\enterthegungeon\enterthegungeon\debug\enterthegungeon.tlog\cl.write.1.tlog
c:\users\pig39\onedrive\바탕 화면\enterthegungeon\enterthegungeon\debug\enterthegungeon.tlog\link.command.1.tlog
c:\users\pig39\onedrive\바탕 화면\enterthegungeon\enterthegungeon\debug\enterthegungeon.tlog\link.read.1.tlog
c:\users\pig39\onedrive\바탕 화면\enterthegungeon\enterthegungeon\debug\enterthegungeon.tlog\link.write.1.tlog
c:\users\pig39\onedrive\바탕 화면\enterthegungeon\enterthegungeon\debug\enterthegungeon.tlog\rc.command.1.tlog
c:\users\pig39\onedrive\바탕 화면\enterthegungeon\enterthegungeon\debug\enterthegungeon.tlog\rc.read.1.tlog
c:\users\pig39\onedrive\바탕 화면\enterthegungeon\enterthegungeon\debug\enterthegungeon.tlog\rc.write.1.tlog
